09-Jan-2022 14:24:35.042 INFO [main] org.apache.catalina.startup.VersionLoggerListener.log Server version name:   Apache Tomcat/9.0.56
09-Jan-2022 14:24:35.049 INFO [main] org.apache.catalina.startup.VersionLoggerListener.log Server built:          Dec 2 2021 14:30:07 UTC
09-Jan-2022 14:24:35.050 INFO [main] org.apache.catalina.startup.VersionLoggerListener.log Server version number: 9.0.56.0
09-Jan-2022 14:24:35.051 INFO [main] org.apache.catalina.startup.VersionLoggerListener.log OS Name:               Linux
09-Jan-2022 14:24:35.052 INFO [main] org.apache.catalina.startup.VersionLoggerListener.log OS Version:            5.10.25-linuxkit
09-Jan-2022 14:24:35.052 INFO [main] org.apache.catalina.startup.VersionLoggerListener.log Architecture:          amd64
09-Jan-2022 14:24:35.053 INFO [main] org.apache.catalina.startup.VersionLoggerListener.log Java Home:             /usr/lib/jvm/java-11-openjdk-11.0.13.0.8-4.el8_5.x86_64
09-Jan-2022 14:24:35.054 INFO [main] org.apache.catalina.startup.VersionLoggerListener.log JVM Version:           11.0.13+8-LTS
09-Jan-2022 14:24:35.054 INFO [main] org.apache.catalina.startup.VersionLoggerListener.log JVM Vendor:            Red Hat, Inc.
09-Jan-2022 14:24:35.055 INFO [main] org.apache.catalina.startup.VersionLoggerListener.log CATALINA_BASE:         /opt/tomcat
09-Jan-2022 14:24:35.056 INFO [main] org.apache.catalina.startup.VersionLoggerListener.log CATALINA_HOME:         /opt/tomcat
09-Jan-2022 14:24:35.101 INFO [main] org.apache.catalina.startup.VersionLoggerListener.log Command line argument: --add-opens=java.base/java.lang=ALL-UNNAMED
09-Jan-2022 14:24:35.101 INFO [main] org.apache.catalina.startup.VersionLoggerListener.log Command line argument: --add-opens=java.base/java.io=ALL-UNNAMED
09-Jan-2022 14:24:35.101 INFO [main] org.apache.catalina.startup.VersionLoggerListener.log Command line argument: --add-opens=java.base/java.util=ALL-UNNAMED
09-Jan-2022 14:24:35.102 INFO [main] org.apache.catalina.startup.VersionLoggerListener.log Command line argument: --add-opens=java.base/java.util.concurrent=ALL-UNNAMED
09-Jan-2022 14:24:35.102 INFO [main] org.apache.catalina.startup.VersionLoggerListener.log Command line argument: --add-opens=java.rmi/sun.rmi.transport=ALL-UNNAMED
09-Jan-2022 14:24:35.103 INFO [main] org.apache.catalina.startup.VersionLoggerListener.log Command line argument: -Djava.util.logging.config.file=/opt/tomcat/conf/logging.properties
09-Jan-2022 14:24:35.103 INFO [main] org.apache.catalina.startup.VersionLoggerListener.log Command line argument: -Djava.util.logging.manager=org.apache.juli.ClassLoaderLogManager
09-Jan-2022 14:24:35.106 INFO [main] org.apache.catalina.startup.VersionLoggerListener.log Command line argument: -Djdk.tls.ephemeralDHKeySize=2048
09-Jan-2022 14:24:35.107 INFO [main] org.apache.catalina.startup.VersionLoggerListener.log Command line argument: -Djava.protocol.handler.pkgs=org.apache.catalina.webresources
09-Jan-2022 14:24:35.107 INFO [main] org.apache.catalina.startup.VersionLoggerListener.log Command line argument: -Dorg.apache.catalina.security.SecurityListener.UMASK=0027
09-Jan-2022 14:24:35.107 INFO [main] org.apache.catalina.startup.VersionLoggerListener.log Command line argument: -Dignore.endorsed.dirs=
09-Jan-2022 14:24:35.108 INFO [main] org.apache.catalina.startup.VersionLoggerListener.log Command line argument: -Dcatalina.base=/opt/tomcat
09-Jan-2022 14:24:35.108 INFO [main] org.apache.catalina.startup.VersionLoggerListener.log Command line argument: -Dcatalina.home=/opt/tomcat
09-Jan-2022 14:24:35.108 INFO [main] org.apache.catalina.startup.VersionLoggerListener.log Command line argument: -Djava.io.tmpdir=/opt/tomcat/temp
09-Jan-2022 14:24:35.123 INFO [main] org.apache.catalina.core.AprLifecycleListener.lifecycleEvent The Apache Tomcat Native library which allows using OpenSSL was not found on the java.library.path: [/usr/java/packages/lib:/usr/lib64:/lib64:/lib:/usr/lib]
09-Jan-2022 14:24:36.000 INFO [main] org.apache.coyote.AbstractProtocol.init Initializing ProtocolHandler ["http-nio-8080"]
09-Jan-2022 14:24:36.051 INFO [main] org.apache.catalina.startup.Catalina.load Server initialization in [1421] milliseconds
09-Jan-2022 14:24:36.200 INFO [main] org.apache.catalina.core.StandardService.startInternal Starting service [Catalina]
09-Jan-2022 14:24:36.205 INFO [main] org.apache.catalina.core.StandardEngine.startInternal Starting Servlet engine: [Apache Tomcat/9.0.56]
09-Jan-2022 14:24:36.257 INFO [main] org.apache.coyote.AbstractProtocol.start Starting ProtocolHandler ["http-nio-8080"]
09-Jan-2022 14:24:36.327 INFO [main] org.apache.catalina.startup.Catalina.start Server startup in [275] milliseconds
09-Jan-2022 14:26:41.641 INFO [Thread-2] org.apache.coyote.AbstractProtocol.pause Pausing ProtocolHandler ["http-nio-8080"]
09-Jan-2022 14:26:41.668 INFO [Thread-2] org.apache.catalina.core.StandardService.stopInternal Stopping service [Catalina]
09-Jan-2022 14:26:41.696 INFO [Thread-2] org.apache.coyote.AbstractProtocol.stop Stopping ProtocolHandler ["http-nio-8080"]
09-Jan-2022 14:26:41.713 INFO [Thread-2] org.apache.coyote.AbstractProtocol.destroy Destroying ProtocolHandler ["http-nio-8080"]
09-Jan-2022 14:26:49.715 INFO [main] org.apache.catalina.startup.VersionLoggerListener.log Server version name:   Apache Tomcat/9.0.56
09-Jan-2022 14:26:49.732 INFO [main] org.apache.catalina.startup.VersionLoggerListener.log Server built:          Dec 2 2021 14:30:07 UTC
09-Jan-2022 14:26:49.734 INFO [main] org.apache.catalina.startup.VersionLoggerListener.log Server version number: 9.0.56.0
09-Jan-2022 14:26:49.735 INFO [main] org.apache.catalina.startup.VersionLoggerListener.log OS Name:               Linux
09-Jan-2022 14:26:49.736 INFO [main] org.apache.catalina.startup.VersionLoggerListener.log OS Version:            5.10.25-linuxkit
09-Jan-2022 14:26:49.738 INFO [main] org.apache.catalina.startup.VersionLoggerListener.log Architecture:          amd64
09-Jan-2022 14:26:49.744 INFO [main] org.apache.catalina.startup.VersionLoggerListener.log Java Home:             /usr/lib/jvm/java-11-openjdk-11.0.13.0.8-4.el8_5.x86_64
09-Jan-2022 14:26:49.746 INFO [main] org.apache.catalina.startup.VersionLoggerListener.log JVM Version:           11.0.13+8-LTS
09-Jan-2022 14:26:49.747 INFO [main] org.apache.catalina.startup.VersionLoggerListener.log JVM Vendor:            Red Hat, Inc.
09-Jan-2022 14:26:49.748 INFO [main] org.apache.catalina.startup.VersionLoggerListener.log CATALINA_BASE:         /opt/tomcat
09-Jan-2022 14:26:49.749 INFO [main] org.apache.catalina.startup.VersionLoggerListener.log CATALINA_HOME:         /opt/tomcat
09-Jan-2022 14:26:49.831 INFO [main] org.apache.catalina.startup.VersionLoggerListener.log Command line argument: --add-opens=java.base/java.lang=ALL-UNNAMED
09-Jan-2022 14:26:49.833 INFO [main] org.apache.catalina.startup.VersionLoggerListener.log Command line argument: --add-opens=java.base/java.io=ALL-UNNAMED
09-Jan-2022 14:26:49.836 INFO [main] org.apache.catalina.startup.VersionLoggerListener.log Command line argument: --add-opens=java.base/java.util=ALL-UNNAMED
09-Jan-2022 14:26:49.838 INFO [main] org.apache.catalina.startup.VersionLoggerListener.log Command line argument: --add-opens=java.base/java.util.concurrent=ALL-UNNAMED
09-Jan-2022 14:26:49.849 INFO [main] org.apache.catalina.startup.VersionLoggerListener.log Command line argument: --add-opens=java.rmi/sun.rmi.transport=ALL-UNNAMED
09-Jan-2022 14:26:49.856 INFO [main] org.apache.catalina.startup.VersionLoggerListener.log Command line argument: -Djava.util.logging.config.file=/opt/tomcat/conf/logging.properties
09-Jan-2022 14:26:49.878 INFO [main] org.apache.catalina.startup.VersionLoggerListener.log Command line argument: -Djava.util.logging.manager=org.apache.juli.ClassLoaderLogManager
09-Jan-2022 14:26:49.884 INFO [main] org.apache.catalina.startup.VersionLoggerListener.log Command line argument: -Djdk.tls.ephemeralDHKeySize=2048
09-Jan-2022 14:26:49.912 INFO [main] org.apache.catalina.startup.VersionLoggerListener.log Command line argument: -Djava.protocol.handler.pkgs=org.apache.catalina.webresources
09-Jan-2022 14:26:49.916 INFO [main] org.apache.catalina.startup.VersionLoggerListener.log Command line argument: -Dorg.apache.catalina.security.SecurityListener.UMASK=0027
09-Jan-2022 14:26:49.922 INFO [main] org.apache.catalina.startup.VersionLoggerListener.log Command line argument: -Dignore.endorsed.dirs=
09-Jan-2022 14:26:49.936 INFO [main] org.apache.catalina.startup.VersionLoggerListener.log Command line argument: -Dcatalina.base=/opt/tomcat
09-Jan-2022 14:26:49.950 INFO [main] org.apache.catalina.startup.VersionLoggerListener.log Command line argument: -Dcatalina.home=/opt/tomcat
09-Jan-2022 14:26:49.954 INFO [main] org.apache.catalina.startup.VersionLoggerListener.log Command line argument: -Djava.io.tmpdir=/opt/tomcat/temp
09-Jan-2022 14:26:49.971 INFO [main] org.apache.catalina.core.AprLifecycleListener.lifecycleEvent The Apache Tomcat Native library which allows using OpenSSL was not found on the java.library.path: [/usr/java/packages/lib:/usr/lib64:/lib64:/lib:/usr/lib]
09-Jan-2022 14:26:51.483 INFO [main] org.apache.coyote.AbstractProtocol.init Initializing ProtocolHandler ["http-nio-8080"]
09-Jan-2022 14:26:51.587 INFO [main] org.apache.catalina.startup.Catalina.load Server initialization in [3007] milliseconds
09-Jan-2022 14:26:51.832 INFO [main] org.apache.catalina.core.StandardService.startInternal Starting service [Catalina]
09-Jan-2022 14:26:51.835 INFO [main] org.apache.catalina.core.StandardEngine.startInternal Starting Servlet engine: [Apache Tomcat/9.0.56]
09-Jan-2022 14:26:51.887 INFO [main] org.apache.coyote.AbstractProtocol.start Starting ProtocolHandler ["http-nio-8080"]
09-Jan-2022 14:26:51.999 INFO [main] org.apache.catalina.startup.Catalina.start Server startup in [411] milliseconds
09-Jan-2022 14:29:50.143 INFO [Thread-2] org.apache.coyote.AbstractProtocol.pause Pausing ProtocolHandler ["http-nio-8080"]
09-Jan-2022 14:29:50.266 INFO [Thread-2] org.apache.catalina.core.StandardService.stopInternal Stopping service [Catalina]
09-Jan-2022 14:29:50.303 INFO [Thread-2] org.apache.coyote.AbstractProtocol.stop Stopping ProtocolHandler ["http-nio-8080"]
09-Jan-2022 14:29:50.341 INFO [Thread-2] org.apache.coyote.AbstractProtocol.destroy Destroying ProtocolHandler ["http-nio-8080"]
09-Jan-2022 15:14:34.945 INFO [main] org.apache.catalina.startup.VersionLoggerListener.log Server version name:   Apache Tomcat/9.0.56
09-Jan-2022 15:14:34.957 INFO [main] org.apache.catalina.startup.VersionLoggerListener.log Server built:          Dec 2 2021 14:30:07 UTC
09-Jan-2022 15:14:34.958 INFO [main] org.apache.catalina.startup.VersionLoggerListener.log Server version number: 9.0.56.0
09-Jan-2022 15:14:34.961 INFO [main] org.apache.catalina.startup.VersionLoggerListener.log OS Name:               Linux
09-Jan-2022 15:14:34.962 INFO [main] org.apache.catalina.startup.VersionLoggerListener.log OS Version:            5.10.25-linuxkit
09-Jan-2022 15:14:34.964 INFO [main] org.apache.catalina.startup.VersionLoggerListener.log Architecture:          amd64
09-Jan-2022 15:14:34.965 INFO [main] org.apache.catalina.startup.VersionLoggerListener.log Java Home:             /usr/lib/jvm/java-11-openjdk-11.0.13.0.8-4.el8_5.x86_64
09-Jan-2022 15:14:34.968 INFO [main] org.apache.catalina.startup.VersionLoggerListener.log JVM Version:           11.0.13+8-LTS
09-Jan-2022 15:14:34.972 INFO [main] org.apache.catalina.startup.VersionLoggerListener.log JVM Vendor:            Red Hat, Inc.
09-Jan-2022 15:14:34.973 INFO [main] org.apache.catalina.startup.VersionLoggerListener.log CATALINA_BASE:         /opt/tomcat
09-Jan-2022 15:14:34.975 INFO [main] org.apache.catalina.startup.VersionLoggerListener.log CATALINA_HOME:         /opt/tomcat
09-Jan-2022 15:14:35.057 INFO [main] org.apache.catalina.startup.VersionLoggerListener.log Command line argument: --add-opens=java.base/java.lang=ALL-UNNAMED
09-Jan-2022 15:14:35.082 INFO [main] org.apache.catalina.startup.VersionLoggerListener.log Command line argument: --add-opens=java.base/java.io=ALL-UNNAMED
09-Jan-2022 15:14:35.089 INFO [main] org.apache.catalina.startup.VersionLoggerListener.log Command line argument: --add-opens=java.base/java.util=ALL-UNNAMED
09-Jan-2022 15:14:35.093 INFO [main] org.apache.catalina.startup.VersionLoggerListener.log Command line argument: --add-opens=java.base/java.util.concurrent=ALL-UNNAMED
09-Jan-2022 15:14:35.097 INFO [main] org.apache.catalina.startup.VersionLoggerListener.log Command line argument: --add-opens=java.rmi/sun.rmi.transport=ALL-UNNAMED
09-Jan-2022 15:14:35.107 INFO [main] org.apache.catalina.startup.VersionLoggerListener.log Command line argument: -Djava.util.logging.config.file=/opt/tomcat/conf/logging.properties
09-Jan-2022 15:14:35.114 INFO [main] org.apache.catalina.startup.VersionLoggerListener.log Command line argument: -Djava.util.logging.manager=org.apache.juli.ClassLoaderLogManager
09-Jan-2022 15:14:35.116 INFO [main] org.apache.catalina.startup.VersionLoggerListener.log Command line argument: -Djdk.tls.ephemeralDHKeySize=2048
09-Jan-2022 15:14:35.120 INFO [main] org.apache.catalina.startup.VersionLoggerListener.log Command line argument: -Djava.protocol.handler.pkgs=org.apache.catalina.webresources
09-Jan-2022 15:14:35.121 INFO [main] org.apache.catalina.startup.VersionLoggerListener.log Command line argument: -Dorg.apache.catalina.security.SecurityListener.UMASK=0027
09-Jan-2022 15:14:35.121 INFO [main] org.apache.catalina.startup.VersionLoggerListener.log Command line argument: -Dignore.endorsed.dirs=
09-Jan-2022 15:14:35.121 INFO [main] org.apache.catalina.startup.VersionLoggerListener.log Command line argument: -Dcatalina.base=/opt/tomcat
09-Jan-2022 15:14:35.121 INFO [main] org.apache.catalina.startup.VersionLoggerListener.log Command line argument: -Dcatalina.home=/opt/tomcat
09-Jan-2022 15:14:35.122 INFO [main] org.apache.catalina.startup.VersionLoggerListener.log Command line argument: -Djava.io.tmpdir=/opt/tomcat/temp
09-Jan-2022 15:14:35.128 INFO [main] org.apache.catalina.core.AprLifecycleListener.lifecycleEvent The Apache Tomcat Native library which allows using OpenSSL was not found on the java.library.path: [/usr/java/packages/lib:/usr/lib64:/lib64:/lib:/usr/lib]
09-Jan-2022 15:14:37.289 INFO [main] org.apache.coyote.AbstractProtocol.init Initializing ProtocolHandler ["http-nio-8080"]
09-Jan-2022 15:14:37.600 INFO [main] org.apache.catalina.startup.Catalina.load Server initialization in [5314] milliseconds
09-Jan-2022 15:14:37.939 INFO [main] org.apache.catalina.core.StandardService.startInternal Starting service [Catalina]
09-Jan-2022 15:14:37.945 INFO [main] org.apache.catalina.core.StandardEngine.startInternal Starting Servlet engine: [Apache Tomcat/9.0.56]
09-Jan-2022 15:14:38.016 INFO [main] org.apache.catalina.startup.HostConfig.deployDirectory Deploying web application directory [/opt/tomcat/webapps/host-manager]
09-Jan-2022 15:14:39.629 WARNING [main] org.apache.catalina.util.SessionIdGeneratorBase.createSecureRandom Creation of SecureRandom instance for session ID generation using [SHA1PRNG] took [149] milliseconds.
09-Jan-2022 15:14:39.805 INFO [main] org.apache.catalina.startup.HostConfig.deployDirectory Deployment of web application directory [/opt/tomcat/webapps/host-manager] has finished in [1,788] ms
09-Jan-2022 15:14:39.806 INFO [main] org.apache.catalina.startup.HostConfig.deployDirectory Deploying web application directory [/opt/tomcat/webapps/examples]
09-Jan-2022 15:14:41.779 INFO [main] org.apache.catalina.startup.HostConfig.deployDirectory Deployment of web application directory [/opt/tomcat/webapps/examples] has finished in [1,973] ms
09-Jan-2022 15:14:41.782 INFO [main] org.apache.catalina.startup.HostConfig.deployDirectory Deploying web application directory [/opt/tomcat/webapps/docs]
09-Jan-2022 15:14:41.972 INFO [main] org.apache.catalina.startup.HostConfig.deployDirectory Deployment of web application directory [/opt/tomcat/webapps/docs] has finished in [189] ms
09-Jan-2022 15:14:41.986 INFO [main] org.apache.catalina.startup.HostConfig.deployDirectory Deploying web application directory [/opt/tomcat/webapps/ROOT]
09-Jan-2022 15:14:42.123 INFO [main] org.apache.catalina.startup.HostConfig.deployDirectory Deployment of web application directory [/opt/tomcat/webapps/ROOT] has finished in [137] ms
09-Jan-2022 15:14:42.132 INFO [main] org.apache.catalina.startup.HostConfig.deployDirectory Deploying web application directory [/opt/tomcat/webapps/manager]
09-Jan-2022 15:14:42.308 INFO [main] org.apache.catalina.startup.HostConfig.deployDirectory Deployment of web application directory [/opt/tomcat/webapps/manager] has finished in [171] ms
09-Jan-2022 15:14:42.356 INFO [main] org.apache.coyote.AbstractProtocol.start Starting ProtocolHandler ["http-nio-8080"]
09-Jan-2022 15:14:42.460 INFO [main] org.apache.catalina.startup.Catalina.start Server startup in [4855] milliseconds
